<?xml version="1.0" encoding="UTF-8"?>
<testsuite xmlns:xsi="http://www.w3.org/2001/XMLSchema-instance" xsi:noNamespaceSchemaLocation="https://maven.apache.org/surefire/maven-surefire-plugin/xsd/surefire-test-report.xsd" name="TestSuite" time="2.986" tests="1" errors="0" skipped="0" failures="1">
  <properties>
[...]
</properties>
  <testcase name="API_Automation" classname="com.RestAssuredAPI.Execution_Initiator_API" time="0.94">
    <failure type="java.lang.NullPointerException">java.lang.NullPointerException
	at com.RestAssuredAPI.Execution_Initiator_API.API_Automation(Execution_Initiator_API.java:127)
</failure>
    <system-out><![CDATA[...
... TestNG 6.8beta 20120825_1010 by C?dric Beust (cedric@beust.com)
...

Data File Path :- ./testdata/testData_APIFramework.xls
FAIL--->Exception in Driver method: Exeception Details: java.lang.NullPointerException
]]></system-out>
  </testcase>
</testsuite>