-------------------------------------------------------------------------------
Test set: TestSuite
-------------------------------------------------------------------------------
Tests run: 1, Failures: 1, Errors: 0, Skipped: 0, Time elapsed: 2.986 s <<< FAILURE! - in TestSuite
API_Automation(com.RestAssuredAPI.Execution_Initiator_API)  Time elapsed: 0.94 s  <<< FAILURE!
java.lang.NullPointerException
	at com.RestAssuredAPI.Execution_Initiator_API.API_Automation(Execution_Initiator_API.java:127)

